c:\users\직업능력개발훈련 401호_20번\documents\github\alan_laboratory\cpp study\debug\vc142.pdb
c:\users\직업능력개발훈련 401호_20번\documents\github\alan_laboratory\cpp study\debug\vc142.idb
c:\users\직업능력개발훈련 401호_20번\documents\github\alan_laboratory\cpp study\debug\function call.obj
c:\users\직업능력개발훈련 401호_20번\documents\github\alan_laboratory\cpp study\debug\cpp_ch6_pa2.obj
c:\users\직업능력개발훈련 401호_20번\documents\github\alan_laboratory\cpp study\debug\cpp_ch6_copyconstructor.obj
c:\users\직업능력개발훈련 401호_20번\documents\github\alan_laboratory\cpp study\debug\cpp_6.2.alias.obj
c:\users\직업능력개발훈련 401호_20번\documents\github\alan_laboratory\cpp study\debug\cpp 6.4 overload.obj
c:\users\직업능력개발훈련 401호_20번\documents\github\alan_laboratory\cpp study\debug\myclass01.obj
c:\users\직업능력개발훈련 401호_20번\documents\github\alan_laboratory\cpp study\debug\myclass02.obj
c:\users\직업능력개발훈련 401호_20번\documents\github\alan_laboratory\cpp study\debug\construct with friend.obj
c:\users\직업능력개발훈련 401호_20번\documents\github\alan_laboratory\cpp study\debug\cpp_ch9_pa1.obj
c:\users\직업능력개발훈련 401호_20번\documents\github\alan_laboratory\debug\cpp study.exe
c:\users\직업능력개발훈련 401호_20번\documents\github\alan_laboratory\debug\cpp study.ilk
c:\users\직업능력개발훈련 401호_20번\documents\github\alan_laboratory\debug\cpp study.pdb
c:\users\직업능력개발훈련 401호_20번\documents\github\alan_laboratory\cpp study\debug\construct with malloc(matrix multiply).obj
c:\users\직업능력개발훈련 401호_20번\documents\github\alan_laboratory\cpp study\debug\construct with static(matrix multiply).obj
c:\users\직업능력개발훈련 401호_20번\documents\github\alan_laboratory\cpp study\debug\constructor.obj
c:\users\직업능력개발훈련 401호_20번\documents\github\alan_laboratory\cpp study\debug\cpp study.tlog\cl.command.1.tlog
c:\users\직업능력개발훈련 401호_20번\documents\github\alan_laboratory\cpp study\debug\cpp study.tlog\cl.read.1.tlog
c:\users\직업능력개발훈련 401호_20번\documents\github\alan_laboratory\cpp study\debug\cpp study.tlog\cl.write.1.tlog
c:\users\직업능력개발훈련 401호_20번\documents\github\alan_laboratory\cpp study\debug\cpp study.tlog\link.command.1.tlog
c:\users\직업능력개발훈련 401호_20번\documents\github\alan_laboratory\cpp study\debug\cpp study.tlog\link.read.1.tlog
c:\users\직업능력개발훈련 401호_20번\documents\github\alan_laboratory\cpp study\debug\cpp study.tlog\link.write.1.tlog
