c:\users\직업능력개발훈련 401호_20번\documents\github\alan_laboratory\programming exercises\debug\vc142.pdb
c:\users\직업능력개발훈련 401호_20번\documents\github\alan_laboratory\programming exercises\debug\vc142.idb
c:\users\직업능력개발훈련 401호_20번\documents\github\alan_laboratory\programming exercises\debug\selection sort.obj
c:\users\직업능력개발훈련 401호_20번\documents\github\alan_laboratory\programming exercises\debug\bubble sort.obj
c:\users\직업능력개발훈련 401호_20번\documents\github\alan_laboratory\programming exercises\debug\stack.obj
c:\users\직업능력개발훈련 401호_20번\documents\github\alan_laboratory\programming exercises\debug\test.obj
c:\users\직업능력개발훈련 401호_20번\documents\github\alan_laboratory\programming exercises\debug\queue.obj
c:\users\직업능력개발훈련 401호_20번\documents\github\alan_laboratory\programming exercises\debug\2d_array.obj
c:\users\직업능력개발훈련 401호_20번\documents\github\alan_laboratory\programming exercises\debug\coordinate transformation.obj
c:\users\직업능력개발훈련 401호_20번\documents\github\alan_laboratory\programming exercises\debug\change_constant.obj
c:\users\직업능력개발훈련 401호_20번\documents\github\alan_laboratory\programming exercises\debug\pass by array.obj
c:\users\직업능력개발훈련 401호_20번\documents\github\alan_laboratory\programming exercises\debug\99dan_2.obj
c:\users\직업능력개발훈련 401호_20번\documents\github\alan_laboratory\programming exercises\debug\99dan_1.obj
c:\users\직업능력개발훈련 401호_20번\documents\github\alan_laboratory\programming exercises\debug\prime.obj
c:\users\직업능력개발훈련 401호_20번\documents\github\alan_laboratory\programming exercises\debug\bin_hb.obj
c:\users\직업능력개발훈련 401호_20번\documents\github\alan_laboratory\debug\programming exercises.exe
c:\users\직업능력개발훈련 401호_20번\documents\github\alan_laboratory\debug\programming exercises.ilk
c:\users\직업능력개발훈련 401호_20번\documents\github\alan_laboratory\debug\programming exercises.pdb
c:\users\직업능력개발훈련 401호_20번\documents\github\alan_laboratory\programming exercises\debug\min_max.obj
c:\users\직업능력개발훈련 401호_20번\documents\github\alan_laboratory\programming exercises\debug\pointer_practice_1.obj
c:\users\직업능력개발훈련 401호_20번\documents\github\alan_laboratory\programming exercises\debug\programm.1439c4a8.tlog\cl.command.1.tlog
c:\users\직업능력개발훈련 401호_20번\documents\github\alan_laboratory\programming exercises\debug\programm.1439c4a8.tlog\cl.read.1.tlog
c:\users\직업능력개발훈련 401호_20번\documents\github\alan_laboratory\programming exercises\debug\programm.1439c4a8.tlog\cl.write.1.tlog
c:\users\직업능력개발훈련 401호_20번\documents\github\alan_laboratory\programming exercises\debug\programm.1439c4a8.tlog\link.command.1.tlog
c:\users\직업능력개발훈련 401호_20번\documents\github\alan_laboratory\programming exercises\debug\programm.1439c4a8.tlog\link.read.1.tlog
c:\users\직업능력개발훈련 401호_20번\documents\github\alan_laboratory\programming exercises\debug\programm.1439c4a8.tlog\link.write.1.tlog
